<?xml version="1.0" encoding="UTF-8"?>
<!-- Generated by org.testng.reporters.JUnitReportReporter -->
<testsuite hostname="LAPTOP-ML175T91" failures="0" tests="3" name="sampleTestNG.sample" time="0.024" errors="0" timestamp="05 Jan 2018 13:31:08 GMT" skipped="0">
  <testcase classname="sampleTestNG.sample" name="google" time="0.018"/>
  <testcase classname="sampleTestNG.sample" name="twitter" time="0.004"/>
  <testcase classname="sampleTestNG.sample" name="facebook" time="0.002"/>
</testsuite> <!-- sampleTestNG.sample -->
